12:28:05: Creating resource group General
12:28:05: Creating resource group Internal
12:28:05: Creating resource group Autodetect
12:28:05: Registering ResourceManager for type Mesh
12:28:05: Registering ResourceManager for type Material
12:28:05: Registering ResourceManager for type Skeleton
12:28:05: XMLMeshSerializer reading mesh data from X:\Proyectos\Proyectos Programacion\IngeSoft2 - Da Vinci Wars\Ideas\Modelados Definitivos con animaciones\Arcabucero\Soldier.mesh.xml...
12:28:06: Reading submeshes...
12:28:06: Reading geometry...
12:28:06: Geometry done...
12:28:06: Reading bone assignments...
12:28:06: Bone assignments done.
12:28:06: Submeshes done.
12:28:06: Skeleton: Loading Soldado.skeleton
12:28:06: OGRE EXCEPTION(6:FileNotFoundException): Cannot locate resource Soldado.skeleton in resource group General or any other group. in ResourceGroupManager::openResource at ..\src\OgreResourceGroupManager.cpp (line 753)
12:28:06: Unable to load skeleton Soldado.skeleton for Mesh conversion. This Mesh will not be animated. You can ignore this message if you are using an offline tool.
12:28:06: XMLMeshSerializer import successful.
12:28:06: Reorganising vertex buffers to automatic layout..
12:28:06: MeshSerializer writing mesh data to X:\Proyectos\Proyectos Programacion\IngeSoft2 - Da Vinci Wars\Ideas\Modelados Definitivos con animaciones\Arcabucero\Soldier.mesh...
12:28:06: File header written.
12:28:06: Writing mesh data...
12:28:06: Writing submesh...
12:28:06: Exporting submesh texture aliases...
12:28:06: Submesh texture aliases exported.
12:28:06: Exporting dedicated geometry bone assignments...
12:28:06: Dedicated geometry bone assignments exported.
12:28:06: Submesh exported.
12:28:06: Exporting skeleton link...
12:28:06: Skeleton link exported.
12:28:06: Exporting bounds information....
12:28:06: Bounds information exported.
12:28:06: Exporting submesh name table...
12:28:06: Submesh name table exported.
12:28:06: Exporting edge lists...
12:28:06: Edge lists exported
12:28:06: Mesh data exported.
12:28:06: MeshSerializer export successful.
12:28:06: Unregistering ResourceManager for type Skeleton
12:28:06: Unregistering ResourceManager for type Material
12:28:06: Unregistering ResourceManager for type Mesh
