19:51:20: Creating resource group General
19:51:20: Creating resource group Internal
19:51:20: Creating resource group Autodetect
19:51:20: Registering ResourceManager for type Mesh
19:51:20: Registering ResourceManager for type Material
19:51:20: Registering ResourceManager for type Skeleton
19:51:20: XMLMeshSerializer reading mesh data from X:\Proyectos\Proyectos Programacion\IngeSoft2 - Da Vinci Wars\Ideas\Modelados\Tanque\Tanque.mesh.xml...
19:51:20: Reading submeshes...
19:51:20: Reading geometry...
19:51:20: Geometry done...
19:51:20: Submeshes done.
19:51:20: XMLMeshSerializer import successful.
19:51:20: Reorganising vertex buffers to automatic layout..
19:51:20: MeshSerializer writing mesh data to X:\Proyectos\Proyectos Programacion\IngeSoft2 - Da Vinci Wars\Ideas\Modelados\Tanque\Tanque.mesh...
19:51:20: File header written.
19:51:20: Writing mesh data...
19:51:20: Writing submesh...
19:51:20: Exporting submesh texture aliases...
19:51:20: Submesh texture aliases exported.
19:51:20: Submesh exported.
19:51:20: Exporting bounds information....
19:51:20: Bounds information exported.
19:51:20: Exporting submesh name table...
19:51:20: Submesh name table exported.
19:51:20: Exporting edge lists...
19:51:20: Edge lists exported
19:51:20: Mesh data exported.
19:51:20: MeshSerializer export successful.
19:51:20: Unregistering ResourceManager for type Skeleton
19:51:20: Unregistering ResourceManager for type Material
19:51:20: Unregistering ResourceManager for type Mesh
