18:56:56: Creating resource group General
18:56:56: Creating resource group Internal
18:56:56: Creating resource group Autodetect
18:56:56: Registering ResourceManager for type Mesh
18:56:56: Registering ResourceManager for type Material
18:56:56: Registering ResourceManager for type Skeleton
18:56:56: XMLMeshSerializer reading mesh data from x:\proyectos\Proyectos Programacion\IngeSoft2 - Da Vinci Wars\Ideas\Modelados Definitivos con animaciones\WorkShop\WorkShop.mesh.xml...
18:56:56: Reading submeshes...
18:56:56: Reading geometry...
18:56:56: Geometry done...
18:56:56: Submeshes done.
18:56:56: XMLMeshSerializer import successful.
18:56:56: Reorganising vertex buffers to automatic layout..
18:56:56: MeshSerializer writing mesh data to x:\proyectos\Proyectos Programacion\IngeSoft2 - Da Vinci Wars\Ideas\Modelados Definitivos con animaciones\WorkShop\WorkShop.mesh...
18:56:56: File header written.
18:56:56: Writing mesh data...
18:56:56: Writing submesh...
18:56:56: Exporting submesh texture aliases...
18:56:56: Submesh texture aliases exported.
18:56:56: Submesh exported.
18:56:56: Exporting bounds information....
18:56:56: Bounds information exported.
18:56:56: Exporting submesh name table...
18:56:56: Submesh name table exported.
18:56:56: Exporting edge lists...
18:56:56: Edge lists exported
18:56:56: Mesh data exported.
18:56:56: MeshSerializer export successful.
18:56:56: Unregistering ResourceManager for type Skeleton
18:56:56: Unregistering ResourceManager for type Material
18:56:56: Unregistering ResourceManager for type Mesh
