19:18:50: Creating resource group General
19:18:50: Creating resource group Internal
19:18:50: Creating resource group Autodetect
19:18:50: Registering ResourceManager for type Mesh
19:18:50: Registering ResourceManager for type Material
19:18:50: Registering ResourceManager for type Skeleton
19:18:50: XMLMeshSerializer reading mesh data from X:\Proyectos\Proyectos Programacion\IngeSoft2 - Da Vinci Wars\Ideas\Modelados\Caballo\Caballo.mesh.xml...
19:18:50: Reading submeshes...
19:18:50: Reading geometry...
19:18:50: Geometry done...
19:18:50: Submeshes done.
19:18:50: XMLMeshSerializer import successful.
19:18:50: Reorganising vertex buffers to automatic layout..
19:18:50: MeshSerializer writing mesh data to X:\Proyectos\Proyectos Programacion\IngeSoft2 - Da Vinci Wars\Ideas\Modelados\Caballo\Caballo.mesh...
19:18:50: File header written.
19:18:50: Writing mesh data...
19:18:50: Writing submesh...
19:18:50: Exporting submesh texture aliases...
19:18:50: Submesh texture aliases exported.
19:18:50: Submesh exported.
19:18:50: Exporting bounds information....
19:18:50: Bounds information exported.
19:18:50: Exporting submesh name table...
19:18:50: Submesh name table exported.
19:18:50: Exporting edge lists...
19:18:50: Edge lists exported
19:18:50: Mesh data exported.
19:18:50: MeshSerializer export successful.
19:18:50: Unregistering ResourceManager for type Skeleton
19:18:50: Unregistering ResourceManager for type Material
19:18:50: Unregistering ResourceManager for type Mesh
