19:49:19: Creating resource group General
19:49:19: Creating resource group Internal
19:49:19: Creating resource group Autodetect
19:49:19: Registering ResourceManager for type Mesh
19:49:19: Registering ResourceManager for type Material
19:49:19: Registering ResourceManager for type Skeleton
19:49:19: XMLMeshSerializer reading mesh data from X:\Proyectos\Proyectos Programacion\IngeSoft2 - Da Vinci Wars\Ideas\Modelados Definitivos con animaciones\Ametralladora\Ametralladora.mesh.xml...
19:49:19: Reading submeshes...
19:49:19: Reading geometry...
19:49:19: Geometry done...
19:49:19: Submeshes done.
19:49:19: XMLMeshSerializer import successful.
19:49:19: Reorganising vertex buffers to automatic layout..
19:49:19: MeshSerializer writing mesh data to X:\Proyectos\Proyectos Programacion\IngeSoft2 - Da Vinci Wars\Ideas\Modelados Definitivos con animaciones\Ametralladora\Ametralladora.mesh...
19:49:19: File header written.
19:49:19: Writing mesh data...
19:49:19: Writing submesh...
19:49:19: Exporting submesh texture aliases...
19:49:19: Submesh texture aliases exported.
19:49:19: Submesh exported.
19:49:19: Exporting bounds information....
19:49:19: Bounds information exported.
19:49:19: Exporting submesh name table...
19:49:19: Submesh name table exported.
19:49:19: Exporting edge lists...
19:49:19: Edge lists exported
19:49:19: Mesh data exported.
19:49:19: MeshSerializer export successful.
19:49:19: Unregistering ResourceManager for type Skeleton
19:49:19: Unregistering ResourceManager for type Material
19:49:19: Unregistering ResourceManager for type Mesh
