22:22:08: Creating resource group General
22:22:08: Creating resource group Internal
22:22:08: Creating resource group Autodetect
22:22:08: Registering ResourceManager for type Mesh
22:22:08: Registering ResourceManager for type Material
22:22:08: Registering ResourceManager for type Skeleton
22:22:08: XMLMeshSerializer reading mesh data from X:\Proyectos\Proyectos Programacion\IngeSoft2 - Da Vinci Wars\Ideas\Modelados\Dummy-500Polys\Soldier.mesh.xml...
22:22:08: Reading submeshes...
22:22:08: Reading geometry...
22:22:08: Geometry done...
22:22:08: Reading bone assignments...
22:22:08: Bone assignments done.
22:22:08: Submeshes done.
22:22:08: Skeleton: Loading Soldado.skeleton
22:22:08: OGRE EXCEPTION(6:FileNotFoundException): Cannot locate resource Soldado.skeleton in resource group General or any other group. in ResourceGroupManager::openResource at ..\src\OgreResourceGroupManager.cpp (line 753)
22:22:08: Unable to load skeleton Soldado.skeleton for Mesh conversion. This Mesh will not be animated. You can ignore this message if you are using an offline tool.
22:22:08: XMLMeshSerializer import successful.
22:22:08: Reorganising vertex buffers to automatic layout..
22:22:08: MeshSerializer writing mesh data to X:\Proyectos\Proyectos Programacion\IngeSoft2 - Da Vinci Wars\Ideas\Modelados\Dummy-500Polys\Soldier.mesh...
22:22:08: File header written.
22:22:08: Writing mesh data...
22:22:08: Writing submesh...
22:22:08: Exporting submesh texture aliases...
22:22:08: Submesh texture aliases exported.
22:22:08: Exporting dedicated geometry bone assignments...
22:22:08: Dedicated geometry bone assignments exported.
22:22:08: Submesh exported.
22:22:08: Exporting skeleton link...
22:22:08: Skeleton link exported.
22:22:08: Exporting bounds information....
22:22:08: Bounds information exported.
22:22:08: Exporting submesh name table...
22:22:08: Submesh name table exported.
22:22:08: Exporting edge lists...
22:22:08: Edge lists exported
22:22:08: Mesh data exported.
22:22:08: MeshSerializer export successful.
22:22:08: Unregistering ResourceManager for type Skeleton
22:22:08: Unregistering ResourceManager for type Material
22:22:08: Unregistering ResourceManager for type Mesh
