19:57:05: Creating resource group General
19:57:05: Creating resource group Internal
19:57:05: Creating resource group Autodetect
19:57:05: Registering ResourceManager for type Mesh
19:57:05: Registering ResourceManager for type Material
19:57:05: Registering ResourceManager for type Skeleton
19:57:05: XMLMeshSerializer reading mesh data from X:\Proyectos\Proyectos Programacion\IngeSoft2 - Da Vinci Wars\Ideas\Modelados\Carreta\Carreta.mesh.xml...
19:57:05: Reading submeshes...
19:57:05: Reading geometry...
19:57:05: Geometry done...
19:57:05: Submeshes done.
19:57:05: XMLMeshSerializer import successful.
19:57:05: Reorganising vertex buffers to automatic layout..
19:57:05: MeshSerializer writing mesh data to X:\Proyectos\Proyectos Programacion\IngeSoft2 - Da Vinci Wars\Ideas\Modelados\Carreta\Carreta.mesh...
19:57:05: File header written.
19:57:05: Writing mesh data...
19:57:05: Writing submesh...
19:57:05: Exporting submesh texture aliases...
19:57:05: Submesh texture aliases exported.
19:57:05: Submesh exported.
19:57:05: Exporting bounds information....
19:57:05: Bounds information exported.
19:57:05: Exporting submesh name table...
19:57:05: Submesh name table exported.
19:57:05: Exporting edge lists...
19:57:05: Edge lists exported
19:57:05: Mesh data exported.
19:57:05: MeshSerializer export successful.
19:57:05: Unregistering ResourceManager for type Skeleton
19:57:05: Unregistering ResourceManager for type Material
19:57:05: Unregistering ResourceManager for type Mesh
