20:17:47: Creating resource group General
20:17:47: Creating resource group Internal
20:17:47: Creating resource group Autodetect
20:17:47: Registering ResourceManager for type Mesh
20:17:47: Registering ResourceManager for type Material
20:17:47: Registering ResourceManager for type Skeleton
20:17:47: XMLMeshSerializer reading mesh data from X:\Proyectos\Proyectos Programacion\IngeSoft2 - Da Vinci Wars\Ideas\Modelados Definitivos con animaciones\Planeador\Planeador.mesh.xml...
20:17:47: Reading submeshes...
20:17:47: Reading geometry...
20:17:47: Geometry done...
20:17:47: Reading geometry...
20:17:47: Geometry done...
20:17:47: Submeshes done.
20:17:47: XMLMeshSerializer import successful.
20:17:47: Reorganising vertex buffers to automatic layout..
20:17:47: MeshSerializer writing mesh data to X:\Proyectos\Proyectos Programacion\IngeSoft2 - Da Vinci Wars\Ideas\Modelados Definitivos con animaciones\Planeador\Planeador.mesh...
20:17:47: File header written.
20:17:47: Writing mesh data...
20:17:47: Writing submesh...
20:17:47: Exporting submesh texture aliases...
20:17:47: Submesh texture aliases exported.
20:17:47: Submesh exported.
20:17:47: Writing submesh...
20:17:47: Exporting submesh texture aliases...
20:17:47: Submesh texture aliases exported.
20:17:47: Submesh exported.
20:17:47: Exporting bounds information....
20:17:47: Bounds information exported.
20:17:47: Exporting submesh name table...
20:17:47: Submesh name table exported.
20:17:47: Exporting edge lists...
20:17:47: Edge lists exported
20:17:47: Mesh data exported.
20:17:47: MeshSerializer export successful.
20:17:47: Unregistering ResourceManager for type Skeleton
20:17:47: Unregistering ResourceManager for type Material
20:17:47: Unregistering ResourceManager for type Mesh
