20:13:29: Creating resource group General
20:13:29: Creating resource group Internal
20:13:29: Creating resource group Autodetect
20:13:29: Registering ResourceManager for type Mesh
20:13:29: Registering ResourceManager for type Material
20:13:29: Registering ResourceManager for type Skeleton
20:13:29: XMLMeshSerializer reading mesh data from X:\Proyectos\Proyectos Programacion\IngeSoft2 - Da Vinci Wars\Ideas\Modelados Definitivos con animaciones\ArcabuceroMontado\Jinete.mesh.xml...
20:13:29: Reading submeshes...
20:13:29: Reading geometry...
20:13:29: Geometry done...
20:13:29: Reading geometry...
20:13:29: Geometry done...
20:13:29: Submeshes done.
20:13:29: XMLMeshSerializer import successful.
20:13:29: Reorganising vertex buffers to automatic layout..
20:13:29: MeshSerializer writing mesh data to X:\Proyectos\Proyectos Programacion\IngeSoft2 - Da Vinci Wars\Ideas\Modelados Definitivos con animaciones\ArcabuceroMontado\Jinete.mesh...
20:13:29: File header written.
20:13:29: Writing mesh data...
20:13:29: Writing submesh...
20:13:29: Exporting submesh texture aliases...
20:13:29: Submesh texture aliases exported.
20:13:29: Submesh exported.
20:13:29: Writing submesh...
20:13:29: Exporting submesh texture aliases...
20:13:29: Submesh texture aliases exported.
20:13:29: Submesh exported.
20:13:29: Exporting bounds information....
20:13:29: Bounds information exported.
20:13:29: Exporting submesh name table...
20:13:29: Submesh name table exported.
20:13:29: Exporting edge lists...
20:13:29: Edge lists exported
20:13:29: Mesh data exported.
20:13:29: MeshSerializer export successful.
20:13:29: Unregistering ResourceManager for type Skeleton
20:13:29: Unregistering ResourceManager for type Material
20:13:29: Unregistering ResourceManager for type Mesh
