19:30:57: Creating resource group General
19:30:57: Creating resource group Internal
19:30:57: Creating resource group Autodetect
19:30:57: Registering ResourceManager for type Mesh
19:30:57: Registering ResourceManager for type Material
19:30:57: Registering ResourceManager for type Skeleton
19:30:58: XMLMeshSerializer reading mesh data from /things/otros/unal/ingesoft 2/italia/artworks/models/City/City.mesh.xml...
19:30:58: Reading submeshes...
19:30:58: Reading geometry...
19:30:58: Geometry done...
19:30:58: Submeshes done.
19:30:58: XMLMeshSerializer import successful.
19:30:58: Reorganising vertex buffers to automatic layout..
19:30:58: MeshSerializer writing mesh data to /things/otros/unal/ingesoft 2/italia/artworks/models/City/City.mesh...
19:30:58: File header written.
19:30:58: Writing mesh data...
19:30:58: Writing submesh...
19:30:58: Exporting submesh texture aliases...
19:30:58: Submesh texture aliases exported.
19:30:58: Submesh exported.
19:30:58: Exporting bounds information....
19:30:58: Bounds information exported.
19:30:58: Exporting submesh name table...
19:30:58: Submesh name table exported.
19:30:58: Exporting edge lists...
19:30:58: Edge lists exported
19:30:58: Mesh data exported.
19:30:58: MeshSerializer export successful.
19:30:58: Unregistering ResourceManager for type Skeleton
19:30:58: Unregistering ResourceManager for type Material
19:30:58: Unregistering ResourceManager for type Mesh
