19:22:28: Creating resource group General
19:22:28: Creating resource group Internal
19:22:28: Creating resource group Autodetect
19:22:28: Registering ResourceManager for type Mesh
19:22:28: Registering ResourceManager for type Material
19:22:28: Registering ResourceManager for type Skeleton
19:22:29: XMLMeshSerializer reading mesh data from X:\Proyectos\Proyectos Programacion\IngeSoft2 - Da Vinci Wars\Ideas\Modelados Definitivos con animaciones\Escena Museo\Museo.mesh.xml...
19:22:29: Reading submeshes...
19:22:29: Reading geometry...
19:22:29: Geometry done...
19:22:29: Reading geometry...
19:22:29: Geometry done...
19:22:29: Reading geometry...
19:22:29: Geometry done...
19:22:29: Reading geometry...
19:22:29: Geometry done...
19:22:29: Submeshes done.
19:22:29: XMLMeshSerializer import successful.
19:22:29: Reorganising vertex buffers to automatic layout..
19:22:29: MeshSerializer writing mesh data to X:\Proyectos\Proyectos Programacion\IngeSoft2 - Da Vinci Wars\Ideas\Modelados Definitivos con animaciones\Escena Museo\Museo.mesh...
19:22:29: File header written.
19:22:29: Writing mesh data...
19:22:29: Writing submesh...
19:22:29: Exporting submesh texture aliases...
19:22:29: Submesh texture aliases exported.
19:22:29: Submesh exported.
19:22:29: Writing submesh...
19:22:29: Exporting submesh texture aliases...
19:22:29: Submesh texture aliases exported.
19:22:29: Submesh exported.
19:22:29: Writing submesh...
19:22:29: Exporting submesh texture aliases...
19:22:29: Submesh texture aliases exported.
19:22:29: Submesh exported.
19:22:29: Writing submesh...
19:22:29: Exporting submesh texture aliases...
19:22:29: Submesh texture aliases exported.
19:22:29: Submesh exported.
19:22:29: Exporting bounds information....
19:22:29: Bounds information exported.
19:22:29: Exporting submesh name table...
19:22:29: Submesh name table exported.
19:22:29: Exporting edge lists...
19:22:29: Edge lists exported
19:22:29: Mesh data exported.
19:22:29: MeshSerializer export successful.
19:22:29: Unregistering ResourceManager for type Skeleton
19:22:29: Unregistering ResourceManager for type Material
19:22:29: Unregistering ResourceManager for type Mesh
